[09-03 12:37:35]: [INFO] Created column 'regdate' and set the current timestamp, 1725367055707, to all 0 rows
[09-03 12:37:35]: [INFO] SQLite Setup finished
[09-03 12:37:35]: [INFO] No supported permissions system found! Permissions are disabled!
[09-03 12:37:36]: [WARN] WARNING! The protectInventory feature requires ProtocolLib! Disabling it...
[09-03 12:37:36]: [INFO] AuthMe 5.6.0 build n.CUSTOM successfully enabled!
[09-03 12:37:38]: [INFO] Downloading GEO IP database, because the old database is older than 30 days or doesn't exist
[09-03 12:37:38]: [WARN] No MaxMind credentials found in the configuration file! GeoIp protections will be disabled.
[09-03 12:37:38]: [INFO] There is no newer GEO IP database uploaded to MaxMind. Using the old one for now.
[09-03 12:37:38]: [WARN] Could not download GeoLiteAPI database [FileNotFoundException]: plugins/AuthMe/GeoLite2-Country.mmdb (No such file or directory)
[09-03 12:37:38]: java.io.FileNotFoundException: plugins/AuthMe/GeoLite2-Country.mmdb (No such file or directory)
	at java.base/java.io.RandomAccessFile.open0(Native Method)
	at java.base/java.io.RandomAccessFile.open(RandomAccessFile.java:356)
	at java.base/java.io.RandomAccessFile.<init>(RandomAccessFile.java:273)
	at java.base/java.io.RandomAccessFile.<init>(RandomAccessFile.java:223)
	at AuthMe-5.6.0.jar//fr.xephi.authme.libs.com.maxmind.db.BufferHolder.<init>(BufferHolder.java:20)
	at AuthMe-5.6.0.jar//fr.xephi.authme.libs.com.maxmind.db.Reader.<init>(Reader.java:121)
	at AuthMe-5.6.0.jar//fr.xephi.authme.service.GeoIpService.startReading(GeoIpService.java:179)
	at AuthMe-5.6.0.jar//fr.xephi.authme.service.GeoIpService.updateDatabase(GeoIpService.java:150)
	at org.bukkit.craftbukkit.scheduler.CraftTask.run(CraftTask.java:86)
	at org.bukkit.craftbukkit.scheduler.CraftAsyncTask.run(CraftAsyncTask.java:57)
	at com.destroystokyo.paper.ServerSchedulerReportingWrapper.run(ServerSchedulerReportingWrapper.java:22)
	at java.base/java.util.concurrent.ThreadPoolExecutor.runWorker(ThreadPoolExecutor.java:1144)
	at java.base/java.util.concurrent.ThreadPoolExecutor$Worker.run(ThreadPoolExecutor.java:642)
	at java.base/java.lang.Thread.run(Thread.java:1583)

