[14:18:04] [ServerMain/INFO]: [bootstrap] Running Java 21 (OpenJDK 64-Bit Server VM 21.0.4+7-LTS; Eclipse Adoptium Temurin-21.0.4+7) on Linux 6.5.0-1025-azure (amd64)
[14:18:04] [ServerMain/INFO]: [bootstrap] Loading Paper 1.21.1-52-master@e08e667 (2024-08-26T18:02:06Z) for Minecraft 1.21.1
[14:18:04] [ServerMain/INFO]: [PluginInitializerManager] Initializing plugins...
[14:18:05] [ServerMain/INFO]: [PluginInitializerManager] Initialized 22 plugins
[14:18:05] [ServerMain/INFO]: [PluginInitializerManager] Paper plugins (2):
 - ElytraMaxer (1.0), ElytraMaxer (1.1)
[14:18:05] [ServerMain/INFO]: [PluginInitializerManager] Bukkit plugins (20):
 - AuthMe (5.6.0-bCUSTOM), BackpackPlus (1.4.2), BannedWordsEffective (0.2), Chunky (1.4.10), ClearLag (3.2.2), DeathLocation (1.4), DeathLogPlugin (1.0), DeleteBats (1.0-SNAPSHOT), Discord-Linker (3.4.2), DontKillFriends (1.0), FastChunkPregenerator (2.0.9-SNAPSHOT), FreezeHibernate (1.0), HomePlugin (0.6.4), ImageFrame (1.7.10.0), LagFixer (1.3.25 (build 89)), LaggRemover (2.0.6), SpawnerSilk (5.8.0), fast-leaf-decay (1.1.0), oplogin (1.0-SNAPSHOT), playit-gg (0.1.4)
[14:18:09] [ServerMain/INFO]: Environment: Environment[sessionHost=https://sessionserver.mojang.com, servicesHost=https://api.minecraftservices.com, name=PROD]
[14:18:11] [ServerMain/INFO]: Loaded 1290 recipes
[14:18:11] [ServerMain/INFO]: Loaded 1399 advancements
[14:18:11] [Server thread/INFO]: Starting minecraft server version 1.21.1
[14:18:11] [Server thread/INFO]: Loading properties
[14:18:11] [Server thread/INFO]: This server is running Paper version 1.21.1-52-master@e08e667 (2024-08-26T18:02:06Z) (Implementing API version 1.21.1-R0.1-SNAPSHOT)
[14:18:12] [Server thread/INFO]: [spark] This server bundles the spark profiler. For more information please visit https://docs.papermc.io/paper/profiling
[14:18:12] [Server thread/INFO]: Server Ping Player Sample Count: 12
[14:18:12] [Server thread/INFO]: Using 4 threads for Netty based IO
[14:18:12] [Server thread/INFO]: [ChunkTaskScheduler] Chunk system is using 1 I/O threads, 1 worker threads, and population gen parallelism of 1 threads
[14:18:13] [Server thread/INFO]: Default game type: SURVIVAL
[14:18:13] [Server thread/INFO]: Generating keypair
[14:18:13] [Server thread/INFO]: Starting Minecraft server on *:25565
[14:18:13] [Server thread/INFO]: Using epoll channel type
[14:18:13] [Server thread/INFO]: Paper: Using libdeflate (Linux x86_64) compression from Velocity.
[14:18:13] [Server thread/INFO]: Paper: Using OpenSSL 3.0.x (Linux x86_64) cipher from Velocity.
[14:18:13] [Server thread/ERROR]: [ModernPluginLoadingStrategy] Ambiguous plugin name 'ElytraMaxer' for files 'plugins/ElytraMaxer-1.0.jar' and 'plugins/ElytraMaxer-1.1.jar' in 'plugins'
[14:18:14] [Server thread/INFO]: [oplogin] Loading server plugin oplogin v1.0-SNAPSHOT
[14:18:14] [Server thread/INFO]: [[38;5;11m⚡[0m] Loading server plugin LagFixer v1.3.25 (build 89)
[14:18:14] [Server thread/INFO]: [BackpackPlus] Loading server plugin BackpackPlus v1.4.2
[14:18:14] [Server thread/INFO]: [DeleteBats] Loading server plugin DeleteBats v1.0-SNAPSHOT
[14:18:14] [Server thread/INFO]: [ImageFrame] Loading server plugin ImageFrame v1.7.10.0
[14:18:14] [Server thread/INFO]: [LaggRemover] Loading server plugin LaggRemover v2.0.6
[14:18:14] [Server thread/INFO]: [SpawnerSilk] Loading server plugin SpawnerSilk v5.8.0
[14:18:14] [Server thread/INFO]: [Chunky] Loading server plugin Chunky v1.4.10
[14:18:14] [Server thread/INFO]: [Discord-Linker] Loading server plugin Discord-Linker v3.4.2
[14:18:14] [Server thread/INFO]: [HomePlugin] Loading server plugin HomePlugin v0.6.4
[14:18:14] [Server thread/INFO]: [fast-leaf-decay] Loading server plugin fast-leaf-decay v1.1.0
[14:18:14] [Server thread/INFO]: [DeathLocation] Loading server plugin DeathLocation v1.4
[14:18:14] [Server thread/INFO]: [FastChunkPregenerator] Loading server plugin FastChunkPregenerator v2.0.9-SNAPSHOT
[14:18:14] [Server thread/INFO]: [AuthMe] Loading server plugin AuthMe v5.6.0-bCUSTOM
[14:18:14] [Server thread/INFO]: [DontKillFriends] Loading server plugin DontKillFriends v1.0
[14:18:14] [Server thread/INFO]: [ElytraMaxer] Loading server plugin ElytraMaxer v1.0
[14:18:14] [Server thread/INFO]: [DeathLogPlugin] Loading server plugin DeathLogPlugin v1.0
[14:18:14] [Server thread/INFO]: [BannedWordsEffective] Loading server plugin BannedWordsEffective v0.2
[14:18:14] [Server thread/INFO]: [FreezeHibernate] Loading server plugin FreezeHibernate v1.0
[14:18:14] [Server thread/INFO]: [playit-gg] Loading server plugin playit-gg v0.1.4
[14:18:14] [Server thread/INFO]: [ClearLag] Loading server plugin ClearLag v3.2.2
[14:18:14] [Server thread/INFO]: Server permissions file permissions.yml is empty, ignoring it
[14:18:14] [Server thread/INFO]: [HomePlugin] Enabling HomePlugin v0.6.4
[14:18:14] [Server thread/INFO]: [HomePlugin] YAML has been selected !
[14:18:14] [Server thread/INFO]: [HomePlugin] Skipping Redis...
[14:18:14] [Server thread/INFO]: [HomePlugin] Cannot connect to Redis... use default cache!
[14:18:14] [Server thread/INFO]: [HomePlugin] Registering Homes
[14:18:14] [Server thread/INFO]: [HomePlugin] Registering Commands
[14:18:14] [Server thread/INFO]: [HomePlugin] Registering Events
[14:18:14] [Server thread/INFO]: [HomePlugin] Registering Completers
[14:18:14] [Server thread/INFO]: [HomePlugin] Registering Spawns
[14:18:14] [Server thread/WARN]: [HomePlugin] PlaceholderAPI is not installed. Placeholders will not be available.
[14:18:14] [Server thread/INFO]: [HomePlugin] ----------------------HomePlugin----------------------
[14:18:14] [Server thread/INFO]: [HomePlugin] ----------HomePlugin a démmaré avec succés !----------
[14:18:14] [Server thread/INFO]: [HomePlugin] ------------------------------------------------------
[14:18:14] [Server thread/WARN]: [HomePlugin] No plugins to load skipping...
[14:18:14] [Server thread/WARN]: **** SERVER IS RUNNING IN OFFLINE/INSECURE MODE!
[14:18:14] [Server thread/WARN]: The server will make no attempt to authenticate usernames. Beware.
[14:18:14] [Server thread/WARN]: While this makes the game possible to play without internet access, it also opens up the ability for hackers to connect with any username they choose.
[14:18:14] [Server thread/WARN]: To change this, set "online-mode" to "true" in the server.properties file.
[14:18:14] [Server thread/INFO]: Preparing level "world"
[14:18:14] [Server thread/INFO]: Preparing start region for dimension minecraft:overworld
[14:18:22] [Server thread/INFO]: Time elapsed: 7417 ms
[14:18:22] [Server thread/INFO]: Preparing start region for dimension minecraft:the_nether
